\BOOKMARK [0][-]{chapter.1}{Introdu\347\343o}{}
\BOOKMARK [0][-]{chapter.2}{Tipos primitivos e compostos}{}
\BOOKMARK [1][-]{section.2.1}{Tipos primitivos}{chapter.2}
\BOOKMARK [2][-]{subsection.2.1.1}{INTEGER}{section.2.1}
\BOOKMARK [2][-]{subsection.2.1.2}{Cardinal}{section.2.1}
\BOOKMARK [2][-]{subsection.2.1.3}{Boolean}{section.2.1}
\BOOKMARK [2][-]{subsection.2.1.4}{Char}{section.2.1}
\BOOKMARK [2][-]{subsection.2.1.5}{Enumerated}{section.2.1}
\BOOKMARK [2][-]{subsection.2.1.6}{Reference}{section.2.1}
\BOOKMARK [1][-]{section.2.2}{Tipos Compostos}{chapter.2}
\BOOKMARK [2][-]{subsection.2.2.1}{Array}{section.2.2}
\BOOKMARK [2][-]{subsection.2.2.2}{Record}{section.2.2}
\BOOKMARK [2][-]{subsection.2.2.3}{Set}{section.2.2}
\BOOKMARK [2][-]{subsection.2.2.4}{Object}{section.2.2}
\BOOKMARK [0][-]{chapter.3}{Vari\341veis simples e compostas}{}
\BOOKMARK [1][-]{section.3.1}{Vari\341veis simples}{chapter.3}
\BOOKMARK [1][-]{section.3.2}{Vari\341veis compostas}{chapter.3}
\BOOKMARK [0][-]{chapter.4}{Vari\341veis quanto a sua exist\352ncia}{}
\BOOKMARK [1][-]{section.4.1}{Vari\341veis globais}{chapter.4}
\BOOKMARK [1][-]{section.4.2}{Vari\341veis locais}{chapter.4}
\BOOKMARK [1][-]{section.4.3}{Vari\341veis heap}{chapter.4}
\BOOKMARK [1][-]{section.4.4}{Vari\341veis persistentes}{chapter.4}
\BOOKMARK [0][-]{chapter.5}{Forma e tempo de vincula\347\343o de tipos \340s vari\341veis}{}
\BOOKMARK [0][-]{chapter.6}{Sistemas e verifica\347\343o de tipos utilizados na linguagem}{}
\BOOKMARK [0][-]{chapter.7}{Abstra\347\365es}{}
\BOOKMARK [0][-]{chapter.7}{Refer\352ncias}{}
